\BOOKMARK [1][-]{section.1}{Introducci\363n}{}% 1
\BOOKMARK [1][-]{section.2}{Compilando programas, librer\355as, kernel}{}% 2
\BOOKMARK [2][-]{subsection.2.1}{Compilando el compilador GCC}{section.2}% 3
\BOOKMARK [3][-]{subsubsection.2.1.1}{Prerequisitos GCC 9.3}{subsection.2.1}% 4
\BOOKMARK [3][-]{subsubsection.2.1.2}{Descarga y Configuraci\363n GCC 9.3}{subsection.2.1}% 5
\BOOKMARK [3][-]{subsubsection.2.1.3}{Instalaci\363n GCC 9.3}{subsection.2.1}% 6
\BOOKMARK [2][-]{subsection.2.2}{Compilando Librer\355a KD-tree}{section.2}% 7
\BOOKMARK [3][-]{subsubsection.2.2.1}{Creando Programa con la librar\355a KD-tree}{subsection.2.2}% 8
\BOOKMARK [3][-]{subsubsection.2.2.2}{Compilaci\363n y Prueba del programa}{subsection.2.2}% 9
\BOOKMARK [2][-]{subsection.2.3}{Compilando el Kernel}{section.2}% 10
\BOOKMARK [3][-]{subsubsection.2.3.1}{Descarga y Configuraci\363n}{subsection.2.3}% 11
\BOOKMARK [3][-]{subsubsection.2.3.2}{Screen y Compilaci\363n}{subsection.2.3}% 12
\BOOKMARK [3][-]{subsubsection.2.3.3}{Instalaci\363n de la imagen}{subsection.2.3}% 13
\BOOKMARK [1][-]{section.3}{Acceso Remoto}{}% 14
\BOOKMARK [2][-]{subsection.3.1}{Telnet}{section.3}% 15
\BOOKMARK [2][-]{subsection.3.2}{SSH}{section.3}% 16
\BOOKMARK [3][-]{subsubsection.3.2.1}{Configuraci\363n SSH}{subsection.3.2}% 17
\BOOKMARK [3][-]{subsubsection.3.2.2}{Conexi\363n por t\372nel}{subsection.3.2}% 18
\BOOKMARK [3][-]{subsubsection.3.2.3}{ SSHFS: Montar archivos remotos}{subsection.3.2}% 19
\BOOKMARK [1][-]{section.4}{Transferencia de Datos}{}% 20
\BOOKMARK [2][-]{subsection.4.1}{TFTP}{section.4}% 21
\BOOKMARK [2][-]{subsection.4.2}{FTP}{section.4}% 22
\BOOKMARK [3][-]{subsubsection.4.2.1}{SSL/TLS: Cifrar el tr\341fico de FTP}{subsection.4.2}% 23
\BOOKMARK [1][-]{section.5}{Resoluci\363n de Nombres - DNS}{}% 24
\BOOKMARK [1][-]{section.6}{Sistema de Archivos por Red: NFS}{}% 25
\BOOKMARK [2][-]{subsection.6.1}{Cambiar permisos de la carpeta compartida}{section.6}% 26
\BOOKMARK [2][-]{subsection.6.2}{Montar autom\341ticamente}{section.6}% 27
